Compiled jquery.js  (4ms)  (pid 3092)
Compiled jquery_ujs.js  (0ms)  (pid 3092)
Compiled bootstrap-transition.js  (0ms)  (pid 3092)
Compiled bootstrap-alert.js  (1ms)  (pid 3092)
Compiled bootstrap-button.js  (0ms)  (pid 3092)
Compiled bootstrap-carousel.js  (0ms)  (pid 3092)
Compiled bootstrap-collapse.js  (0ms)  (pid 3092)
Compiled bootstrap-dropdown.js  (0ms)  (pid 3092)
Compiled bootstrap-modal.js  (0ms)  (pid 3092)
Compiled bootstrap-scrollspy.js  (0ms)  (pid 3092)
Compiled bootstrap-tab.js  (0ms)  (pid 3092)
Compiled bootstrap-tooltip.js  (0ms)  (pid 3092)
Compiled bootstrap-popover.js  (1ms)  (pid 3092)
Compiled bootstrap-typeahead.js  (0ms)  (pid 3092)
Compiled bootstrap.js  (326ms)  (pid 3092)
Compiled application.js  (430ms)  (pid 3092)
Compiled custom.css  (1804ms)  (pid 3092)
Compiled application.css  (1827ms)  (pid 3092)
Compiled jquery.js  (3ms)  (pid 4728)
Compiled jquery_ujs.js  (0ms)  (pid 4728)
Compiled bootstrap-transition.js  (0ms)  (pid 4728)
Compiled bootstrap-alert.js  (0ms)  (pid 4728)
Compiled bootstrap-button.js  (1ms)  (pid 4728)
Compiled bootstrap-carousel.js  (0ms)  (pid 4728)
Compiled bootstrap-collapse.js  (0ms)  (pid 4728)
Compiled bootstrap-dropdown.js  (1ms)  (pid 4728)
Compiled bootstrap-modal.js  (1ms)  (pid 4728)
Compiled bootstrap-scrollspy.js  (0ms)  (pid 4728)
Compiled bootstrap-tab.js  (1ms)  (pid 4728)
Compiled bootstrap-tooltip.js  (0ms)  (pid 4728)
Compiled bootstrap-popover.js  (1ms)  (pid 4728)
Compiled bootstrap-typeahead.js  (0ms)  (pid 4728)
Compiled bootstrap.js  (339ms)  (pid 4728)
Compiled application.js  (467ms)  (pid 4728)
Compiled custom.css  (1603ms)  (pid 4728)
Compiled application.css  (1626ms)  (pid 4728)
